[2025-04-08 17:16:19Z INFO HostContext] No proxy settings were found based on environmental variables (http_proxy/https_proxy/HTTP_PROXY/HTTPS_PROXY)
[2025-04-08 17:16:19Z INFO HostContext] Well known directory 'Bin': '/home/ruiluntu/aesd-assignments/actions-runner/bin'
[2025-04-08 17:16:19Z INFO HostContext] Well known directory 'Root': '/home/ruiluntu/aesd-assignments/actions-runner'
[2025-04-08 17:16:19Z INFO HostContext] Well known config file 'Credentials': '/home/ruiluntu/aesd-assignments/actions-runner/.credentials'
[2025-04-08 17:16:19Z INFO HostContext] Well known directory 'Bin': '/home/ruiluntu/aesd-assignments/actions-runner/bin'
[2025-04-08 17:16:19Z INFO HostContext] Well known directory 'Root': '/home/ruiluntu/aesd-assignments/actions-runner'
[2025-04-08 17:16:19Z INFO HostContext] Well known config file 'Runner': '/home/ruiluntu/aesd-assignments/actions-runner/.runner'
[2025-04-08 17:16:19Z INFO Listener] Runner is built for Linux (X64) - linux-x64.
[2025-04-08 17:16:19Z INFO Listener] RuntimeInformation: Ubuntu 22.04.5 LTS.
[2025-04-08 17:16:19Z INFO Listener] Version: 2.323.0
[2025-04-08 17:16:19Z INFO Listener] Commit: d8b82f44a9ec0258904d5869ae683c31d5aac299
[2025-04-08 17:16:19Z INFO Listener] Culture: en-US
[2025-04-08 17:16:19Z INFO Listener] UI Culture: en-US
[2025-04-08 17:16:19Z INFO HostContext] Well known directory 'Bin': '/home/ruiluntu/aesd-assignments/actions-runner/bin'
[2025-04-08 17:16:19Z INFO HostContext] Well known directory 'Root': '/home/ruiluntu/aesd-assignments/actions-runner'
[2025-04-08 17:16:19Z INFO Listener] Validating directory permissions for: '/home/ruiluntu/aesd-assignments/actions-runner'
[2025-04-08 17:16:19Z INFO CommandLineParser] Parse
[2025-04-08 17:16:19Z INFO CommandLineParser] Parsing 5 args
[2025-04-08 17:16:19Z INFO CommandLineParser] parsing argument
[2025-04-08 17:16:19Z INFO CommandLineParser] HasArgs: False
[2025-04-08 17:16:19Z INFO CommandLineParser] Adding Command: configure
[2025-04-08 17:16:19Z INFO CommandLineParser] parsing argument
[2025-04-08 17:16:19Z INFO CommandLineParser] HasArgs: True
[2025-04-08 17:16:19Z INFO CommandLineParser] arg: url
[2025-04-08 17:16:19Z INFO CommandLineParser] parsing argument
[2025-04-08 17:16:19Z INFO CommandLineParser] HasArgs: True
[2025-04-08 17:16:19Z INFO CommandLineParser] Adding option 'url': 'https://github.com/cu-ecen-aeld/assignment-1-RuQian5757'
[2025-04-08 17:16:19Z INFO CommandLineParser] parsing argument
[2025-04-08 17:16:19Z INFO CommandLineParser] HasArgs: True
[2025-04-08 17:16:19Z INFO CommandLineParser] arg: token
[2025-04-08 17:16:19Z INFO CommandLineParser] parsing argument
[2025-04-08 17:16:19Z INFO CommandLineParser] HasArgs: True
[2025-04-08 17:16:19Z INFO CommandLineParser] Adding option 'token': '***'
[2025-04-08 17:16:19Z INFO Listener] Arguments parsed
[2025-04-08 17:16:19Z INFO Runner] ExecuteCommand
[2025-04-08 17:16:19Z INFO ConfigurationStore] currentAssemblyLocation: /home/ruiluntu/aesd-assignments/actions-runner/bin/Runner.Listener.dll
[2025-04-08 17:16:19Z INFO HostContext] Well known directory 'Bin': '/home/ruiluntu/aesd-assignments/actions-runner/bin'
[2025-04-08 17:16:19Z INFO ConfigurationStore] binPath: /home/ruiluntu/aesd-assignments/actions-runner/bin
[2025-04-08 17:16:19Z INFO HostContext] Well known directory 'Bin': '/home/ruiluntu/aesd-assignments/actions-runner/bin'
[2025-04-08 17:16:19Z INFO HostContext] Well known directory 'Root': '/home/ruiluntu/aesd-assignments/actions-runner'
[2025-04-08 17:16:19Z INFO ConfigurationStore] RootFolder: /home/ruiluntu/aesd-assignments/actions-runner
[2025-04-08 17:16:19Z INFO HostContext] Well known directory 'Bin': '/home/ruiluntu/aesd-assignments/actions-runner/bin'
[2025-04-08 17:16:19Z INFO HostContext] Well known directory 'Root': '/home/ruiluntu/aesd-assignments/actions-runner'
[2025-04-08 17:16:19Z INFO HostContext] Well known config file 'Runner': '/home/ruiluntu/aesd-assignments/actions-runner/.runner'
[2025-04-08 17:16:19Z INFO ConfigurationStore] ConfigFilePath: /home/ruiluntu/aesd-assignments/actions-runner/.runner
[2025-04-08 17:16:19Z INFO HostContext] Well known directory 'Bin': '/home/ruiluntu/aesd-assignments/actions-runner/bin'
[2025-04-08 17:16:19Z INFO HostContext] Well known directory 'Root': '/home/ruiluntu/aesd-assignments/actions-runner'
[2025-04-08 17:16:19Z INFO HostContext] Well known config file 'MigratedRunner': '/home/ruiluntu/aesd-assignments/actions-runner/.runner_migrated'
[2025-04-08 17:16:19Z INFO ConfigurationStore] MigratedConfigFilePath: /home/ruiluntu/aesd-assignments/actions-runner/.runner_migrated
[2025-04-08 17:16:19Z INFO HostContext] Well known directory 'Bin': '/home/ruiluntu/aesd-assignments/actions-runner/bin'
[2025-04-08 17:16:19Z INFO HostContext] Well known directory 'Root': '/home/ruiluntu/aesd-assignments/actions-runner'
[2025-04-08 17:16:19Z INFO HostContext] Well known config file 'Credentials': '/home/ruiluntu/aesd-assignments/actions-runner/.credentials'
[2025-04-08 17:16:19Z INFO ConfigurationStore] CredFilePath: /home/ruiluntu/aesd-assignments/actions-runner/.credentials
[2025-04-08 17:16:19Z INFO HostContext] Well known directory 'Bin': '/home/ruiluntu/aesd-assignments/actions-runner/bin'
[2025-04-08 17:16:19Z INFO HostContext] Well known directory 'Root': '/home/ruiluntu/aesd-assignments/actions-runner'
[2025-04-08 17:16:19Z INFO HostContext] Well known config file 'MigratedCredentials': '/home/ruiluntu/aesd-assignments/actions-runner/.credentials_migrated'
[2025-04-08 17:16:19Z INFO ConfigurationStore] MigratedCredFilePath: /home/ruiluntu/aesd-assignments/actions-runner/.credentials_migrated
[2025-04-08 17:16:19Z INFO HostContext] Well known directory 'Bin': '/home/ruiluntu/aesd-assignments/actions-runner/bin'
[2025-04-08 17:16:19Z INFO HostContext] Well known directory 'Root': '/home/ruiluntu/aesd-assignments/actions-runner'
[2025-04-08 17:16:19Z INFO HostContext] Well known config file 'Service': '/home/ruiluntu/aesd-assignments/actions-runner/.service'
[2025-04-08 17:16:19Z INFO ConfigurationStore] ServiceConfigFilePath: /home/ruiluntu/aesd-assignments/actions-runner/.service
[2025-04-08 17:16:19Z INFO CommandSettings] Flag 'help': 'False'
[2025-04-08 17:16:19Z INFO CommandSettings] Flag 'version': 'False'
[2025-04-08 17:16:19Z INFO CommandSettings] Flag 'commit': 'False'
[2025-04-08 17:16:19Z INFO CommandSettings] Flag 'check': 'False'
[2025-04-08 17:16:19Z INFO CommandSettings] Command 'configure': 'True'
[2025-04-08 17:16:19Z INFO Terminal] WRITE LINE: 
[2025-04-08 17:16:19Z INFO Terminal] WRITE LINE: --------------------------------------------------------------------------------
[2025-04-08 17:16:19Z INFO Terminal] WRITE LINE: |        ____ _ _   _   _       _          _        _   _                      |
[2025-04-08 17:16:19Z INFO Terminal] WRITE LINE: |       / ___(_) |_| | | |_   _| |__      / \   ___| |_(_) ___  _ __  ___      |
[2025-04-08 17:16:19Z INFO Terminal] WRITE LINE: |      | |  _| | __| |_| | | | | '_ \    / _ \ / __| __| |/ _ \| '_ \/ __|     |
[2025-04-08 17:16:19Z INFO Terminal] WRITE LINE: |      | |_| | | |_|  _  | |_| | |_) |  / ___ \ (__| |_| | (_) | | | \__ \     |
[2025-04-08 17:16:19Z INFO Terminal] WRITE LINE: |       \____|_|\__|_| |_|\__,_|_.__/  /_/   \_\___|\__|_|\___/|_| |_|___/     |
[2025-04-08 17:16:19Z INFO Terminal] WRITE LINE: |                                                                              |
[2025-04-08 17:16:19Z INFO Terminal] WRITE: |                       
[2025-04-08 17:16:19Z INFO Terminal] WRITE: Self-hosted runner registration
[2025-04-08 17:16:19Z INFO Terminal] WRITE LINE:                         |
[2025-04-08 17:16:19Z INFO Terminal] WRITE LINE: |                                                                              |
[2025-04-08 17:16:19Z INFO Terminal] WRITE LINE: --------------------------------------------------------------------------------
[2025-04-08 17:16:19Z INFO ConfigurationManager] ConfigureAsync
[2025-04-08 17:16:19Z INFO CommandSettings] Flag 'generateServiceConfig': 'False'
[2025-04-08 17:16:19Z INFO ConfigurationStore] IsConfigured()
[2025-04-08 17:16:19Z INFO ConfigurationStore] IsConfigured: False
[2025-04-08 17:16:19Z INFO ConfigurationManager] Is configured: False
[2025-04-08 17:16:19Z INFO CommandSettings] Arg 'url': 'https://github.com/cu-ecen-aeld/assignment-1-RuQian5757'
[2025-04-08 17:16:19Z INFO CommandSettings] Remove url from Arg dictionary.
[2025-04-08 17:16:19Z INFO CommandSettings] Arg 'token': '***'
[2025-04-08 17:16:19Z INFO CommandSettings] Remove token from Arg dictionary.
[2025-04-08 17:16:22Z INFO ConfigurationManager] Http response code: OK from 'POST https://api.github.com/actions/runner-registration' (D882:EE4DA:FAEC3:148325:67F559E8)
[2025-04-08 17:16:22Z INFO ConfigurationManager] Using V2 flow: False
[2025-04-08 17:16:22Z INFO ConfigurationManager] cred retrieved via GitHub auth
[2025-04-08 17:16:22Z INFO RunnerServer] EstablishVssConnection
[2025-04-08 17:16:22Z INFO RunnerServer] Establish connection with 100 seconds timeout.
[2025-04-08 17:16:22Z INFO GitHubActionsService] Starting operation Location.GetConnectionData
[2025-04-08 17:16:22Z INFO RunnerServer] EstablishVssConnection
[2025-04-08 17:16:22Z INFO RunnerServer] Establish connection with 60 seconds timeout.
[2025-04-08 17:16:22Z INFO GitHubActionsService] Starting operation Location.GetConnectionData
[2025-04-08 17:16:22Z INFO RunnerServer] EstablishVssConnection
[2025-04-08 17:16:22Z INFO RunnerServer] Establish connection with 60 seconds timeout.
[2025-04-08 17:16:22Z INFO GitHubActionsService] Starting operation Location.GetConnectionData
[2025-04-08 17:16:26Z INFO GitHubActionsService] Finished operation Location.GetConnectionData
[2025-04-08 17:16:26Z INFO GitHubActionsService] Finished operation Location.GetConnectionData
[2025-04-08 17:16:26Z INFO GitHubActionsService] Finished operation Location.GetConnectionData
[2025-04-08 17:16:26Z INFO Terminal] WRITE LINE: 
[2025-04-08 17:16:26Z INFO ConfigurationManager] Test Connection complete.
[2025-04-08 17:16:26Z INFO HostContext] Well known directory 'Bin': '/home/ruiluntu/aesd-assignments/actions-runner/bin'
[2025-04-08 17:16:26Z INFO HostContext] Well known directory 'Root': '/home/ruiluntu/aesd-assignments/actions-runner'
[2025-04-08 17:16:26Z INFO HostContext] Well known config file 'RSACredentials': '/home/ruiluntu/aesd-assignments/actions-runner/.credentials_rsaparams'
[2025-04-08 17:16:26Z INFO RSAFileKeyManager] Creating new RSA key using 2048-bit key length
[2025-04-08 17:16:26Z INFO RSAFileKeyManager] Successfully saved RSA key parameters to file /home/ruiluntu/aesd-assignments/actions-runner/.credentials_rsaparams
[2025-04-08 17:16:26Z INFO RSAFileKeyManager] Which2: 'chmod'
[2025-04-08 17:16:26Z INFO RSAFileKeyManager] Location: '/usr/bin/chmod'
[2025-04-08 17:16:26Z INFO HostContext] Well known directory 'Bin': '/home/ruiluntu/aesd-assignments/actions-runner/bin'
[2025-04-08 17:16:26Z INFO HostContext] Well known directory 'Root': '/home/ruiluntu/aesd-assignments/actions-runner'
[2025-04-08 17:16:26Z INFO ProcessInvokerWrapper] Starting process:
[2025-04-08 17:16:26Z INFO ProcessInvokerWrapper]   File name: '/usr/bin/chmod'
[2025-04-08 17:16:26Z INFO ProcessInvokerWrapper]   Arguments: '600 /home/ruiluntu/aesd-assignments/actions-runner/.credentials_rsaparams'
[2025-04-08 17:16:26Z INFO ProcessInvokerWrapper]   Working directory: '/home/ruiluntu/aesd-assignments/actions-runner'
[2025-04-08 17:16:26Z INFO ProcessInvokerWrapper]   Require exit code zero: 'False'
[2025-04-08 17:16:26Z INFO ProcessInvokerWrapper]   Encoding web name:  ; code page: ''
[2025-04-08 17:16:26Z INFO ProcessInvokerWrapper]   Force kill process on cancellation: 'False'
[2025-04-08 17:16:26Z INFO ProcessInvokerWrapper]   Redirected STDIN: 'False'
[2025-04-08 17:16:26Z INFO ProcessInvokerWrapper]   Persist current code page: 'False'
[2025-04-08 17:16:26Z INFO ProcessInvokerWrapper]   Keep redirected STDIN open: 'False'
[2025-04-08 17:16:26Z INFO ProcessInvokerWrapper]   High priority process: 'False'
[2025-04-08 17:16:26Z INFO ProcessInvokerWrapper] Failed to update oom_score_adj for PID: 16957.
[2025-04-08 17:16:26Z INFO ProcessInvokerWrapper] System.IO.DirectoryNotFoundException: Could not find a part of the path '/proc/16957/oom_score_adj'.
   at Interop.ThrowExceptionForIoErrno(ErrorInfo errorInfo, String path, Boolean isDirError)
   at Microsoft.Win32.SafeHandles.SafeFileHandle.Open(String path, OpenFlags flags, Int32 mode, Boolean failForSymlink, Boolean& wasSymlink, Func`4 createOpenException)
   at Microsoft.Win32.SafeHandles.SafeFileHandle.Open(String fullPath, FileMode mode, FileAccess access, FileShare share, FileOptions options, Int64 preallocationSize, UnixFileMode openPermissions, Int64& fileLength, UnixFileMode& filePermissions, Boolean failForSymlink, Boolean& wasSymlink, Func`4 createOpenException)
   at System.IO.File.OpenHandle(String path, FileMode mode, FileAccess access, FileShare share, FileOptions options, Int64 preallocationSize)
   at System.IO.File.WriteToFile(String path, FileMode mode, String contents, Encoding encoding)
   at GitHub.Runner.Sdk.ProcessInvoker.WriteProcessOomScoreAdj(Int32 processId, Int32 oomScoreAdj)
[2025-04-08 17:16:26Z INFO ProcessInvokerWrapper] Process started with process id 16957, waiting for process exit.
[2025-04-08 17:16:26Z INFO ProcessInvokerWrapper] STDOUT/STDERR stream read finished.
[2025-04-08 17:16:26Z INFO ProcessInvokerWrapper] STDOUT/STDERR stream read finished.
[2025-04-08 17:16:26Z INFO ProcessInvokerWrapper] Finished process 16957 with exit code 0, and elapsed time 00:00:00.0147459.
[2025-04-08 17:16:26Z INFO RSAFileKeyManager] Successfully set permissions for RSA key parameters file /home/ruiluntu/aesd-assignments/actions-runner/.credentials_rsaparams
[2025-04-08 17:16:27Z INFO CommandSettings] Arg 'runnergroup': ''
[2025-04-08 17:16:27Z INFO CommandSettings] Flag 'unattended': 'False'
[2025-04-08 17:16:27Z INFO PromptManager] ReadValue
[2025-04-08 17:16:27Z INFO Terminal] WRITE: Enter the name of the runner group to add this runner to: 
[2025-04-08 17:16:27Z INFO Terminal] WRITE: [press Enter for Default] 
[2025-04-08 17:16:27Z INFO Terminal] READ LINE
[2025-04-08 17:16:34Z INFO Terminal] Read value: ''
[2025-04-08 17:16:34Z INFO PromptManager] Falling back to the default: 'Default'
[2025-04-08 17:16:34Z INFO Terminal] WRITE LINE: 
[2025-04-08 17:16:34Z INFO ConfigurationManager] Found a self-hosted runner group with id 1 and name Default
[2025-04-08 17:16:34Z INFO CommandSettings] Flag 'disableupdate': 'False'
[2025-04-08 17:16:34Z INFO CommandSettings] Flag 'ephemeral': 'False'
[2025-04-08 17:16:34Z INFO CommandSettings] Arg 'name': ''
[2025-04-08 17:16:34Z INFO CommandSettings] Flag 'unattended': 'False'
[2025-04-08 17:16:34Z INFO PromptManager] ReadValue
[2025-04-08 17:16:34Z INFO Terminal] WRITE: Enter the name of runner: 
[2025-04-08 17:16:34Z INFO Terminal] WRITE: [press Enter for coursera-linux] 
[2025-04-08 17:16:34Z INFO Terminal] READ LINE
[2025-04-08 17:16:35Z INFO Terminal] Read value: ''
[2025-04-08 17:16:35Z INFO PromptManager] Falling back to the default: 'coursera-linux'
[2025-04-08 17:16:35Z INFO Terminal] WRITE LINE: 
[2025-04-08 17:16:35Z INFO CommandSettings] Arg 'labels': ''
[2025-04-08 17:16:35Z INFO CommandSettings] Flag 'unattended': 'False'
[2025-04-08 17:16:35Z INFO PromptManager] ReadValue
[2025-04-08 17:16:35Z INFO Terminal] WRITE: This runner will have the following labels: 'self-hosted', 'Linux', 'X64' 
Enter any additional labels (ex. label-1,label-2): 
[2025-04-08 17:16:35Z INFO Terminal] WRITE: [press Enter to skip] 
[2025-04-08 17:16:35Z INFO Terminal] READ LINE
[2025-04-08 17:16:36Z INFO Terminal] Read value: ''
[2025-04-08 17:16:36Z INFO Terminal] WRITE LINE: 
[2025-04-08 17:16:36Z INFO CommandSettings] Flag 'disableupdate': 'False'
[2025-04-08 17:16:36Z INFO CommandSettings] Flag 'no-default-labels': 'False'
[2025-04-08 17:16:37Z INFO CommandSettings] Flag 'disableupdate': 'False'
[2025-04-08 17:16:37Z INFO CommandSettings] Flag 'ephemeral': 'False'
[2025-04-08 17:16:37Z INFO ConfigurationStore] Saving OAuth credential @ /home/ruiluntu/aesd-assignments/actions-runner/.credentials
[2025-04-08 17:16:37Z INFO ConfigurationStore] Credentials Saved.
[2025-04-08 17:16:37Z INFO ConfigurationStore] HasCredentials()
[2025-04-08 17:16:37Z INFO ConfigurationStore] stored True
[2025-04-08 17:16:37Z INFO CredentialManager] GetCredentialProvider
[2025-04-08 17:16:37Z INFO CredentialManager] Creating type OAuth
[2025-04-08 17:16:37Z INFO CredentialManager] Creating credential type: OAuth
[2025-04-08 17:16:37Z INFO RSAFileKeyManager] Loading RSA key parameters from file /home/ruiluntu/aesd-assignments/actions-runner/.credentials_rsaparams
[2025-04-08 17:16:37Z INFO RunnerServer] EstablishVssConnection
[2025-04-08 17:16:37Z INFO RunnerServer] Establish connection with 100 seconds timeout.
[2025-04-08 17:16:37Z INFO GitHubActionsService] Starting operation Location.GetConnectionData
[2025-04-08 17:16:37Z INFO RunnerServer] EstablishVssConnection
[2025-04-08 17:16:37Z INFO RunnerServer] Establish connection with 60 seconds timeout.
[2025-04-08 17:16:37Z INFO GitHubActionsService] Starting operation Location.GetConnectionData
[2025-04-08 17:16:37Z INFO RunnerServer] EstablishVssConnection
[2025-04-08 17:16:37Z INFO RunnerServer] Establish connection with 60 seconds timeout.
[2025-04-08 17:16:37Z INFO GitHubActionsService] Starting operation Location.GetConnectionData
[2025-04-08 17:16:40Z INFO GitHubActionsService] Finished operation Location.GetConnectionData
[2025-04-08 17:16:40Z INFO GitHubActionsService] Finished operation Location.GetConnectionData
[2025-04-08 17:16:40Z INFO GitHubActionsService] Finished operation Location.GetConnectionData
[2025-04-08 17:16:41Z INFO RSAFileKeyManager] Loading RSA key parameters from file /home/ruiluntu/aesd-assignments/actions-runner/.credentials_rsaparams
[2025-04-08 17:16:41Z INFO RSAFileKeyManager] Loading RSA key parameters from file /home/ruiluntu/aesd-assignments/actions-runner/.credentials_rsaparams
[2025-04-08 17:16:45Z INFO GitHubActionsService] AAD Correlation ID for this token request: Unknown
[2025-04-08 17:16:45Z WARN GitHubActionsService] Retrieving an AAD auth token took a long time (4.3851463 seconds)
[2025-04-08 17:16:46Z INFO CommandSettings] Arg 'work': ''
[2025-04-08 17:16:46Z INFO CommandSettings] Flag 'unattended': 'False'
[2025-04-08 17:16:46Z INFO PromptManager] ReadValue
[2025-04-08 17:16:46Z INFO Terminal] WRITE: Enter name of work folder: 
[2025-04-08 17:16:46Z INFO Terminal] WRITE: [press Enter for _work] 
[2025-04-08 17:16:46Z INFO Terminal] READ LINE
[2025-04-08 17:16:50Z INFO Terminal] Read value: ''
[2025-04-08 17:16:50Z INFO PromptManager] Falling back to the default: '_work'
[2025-04-08 17:16:50Z INFO ConfigurationStore] Saving runner settings.
[2025-04-08 17:16:50Z INFO ConfigurationStore] Settings Saved.
[2025-04-08 17:16:50Z INFO Terminal] WRITE LINE: 
[2025-04-08 17:16:50Z INFO Terminal] WRITE LINE: 
[2025-04-08 17:16:50Z INFO SystemDControlManager] Service name 'actions.runner.cu-ecen-aeld-assignment-1-RuQian5757.coursera-linux.service' display name 'GitHub Actions Runner (cu-ecen-aeld-assignment-1-RuQian5757.coursera-linux)' will be used for service configuration.
[2025-04-08 17:16:50Z INFO HostContext] Well known directory 'Bin': '/home/ruiluntu/aesd-assignments/actions-runner/bin'
[2025-04-08 17:16:50Z INFO HostContext] Well known directory 'Root': '/home/ruiluntu/aesd-assignments/actions-runner'
[2025-04-08 17:16:50Z INFO HostContext] Well known directory 'Bin': '/home/ruiluntu/aesd-assignments/actions-runner/bin'
[2025-04-08 17:16:50Z INFO HostContext] Well known directory 'Bin': '/home/ruiluntu/aesd-assignments/actions-runner/bin'
[2025-04-08 17:16:50Z INFO HostContext] Well known directory 'Root': '/home/ruiluntu/aesd-assignments/actions-runner'
[2025-04-08 17:16:50Z INFO UnixUtil] Which2: 'chmod'
[2025-04-08 17:16:50Z INFO UnixUtil] Location: '/usr/bin/chmod'
[2025-04-08 17:16:50Z INFO UnixUtil] Running /usr/bin/chmod 755 "/home/ruiluntu/aesd-assignments/actions-runner/svc.sh"
[2025-04-08 17:16:50Z INFO ProcessInvokerWrapper] Starting process:
[2025-04-08 17:16:50Z INFO ProcessInvokerWrapper]   File name: '/usr/bin/chmod'
[2025-04-08 17:16:50Z INFO ProcessInvokerWrapper]   Arguments: '755 "/home/ruiluntu/aesd-assignments/actions-runner/svc.sh"'
[2025-04-08 17:16:50Z INFO ProcessInvokerWrapper]   Working directory: '/home/ruiluntu/aesd-assignments/actions-runner'
[2025-04-08 17:16:50Z INFO ProcessInvokerWrapper]   Require exit code zero: 'True'
[2025-04-08 17:16:50Z INFO ProcessInvokerWrapper]   Encoding web name:  ; code page: ''
[2025-04-08 17:16:50Z INFO ProcessInvokerWrapper]   Force kill process on cancellation: 'False'
[2025-04-08 17:16:50Z INFO ProcessInvokerWrapper]   Redirected STDIN: 'False'
[2025-04-08 17:16:50Z INFO ProcessInvokerWrapper]   Persist current code page: 'False'
[2025-04-08 17:16:50Z INFO ProcessInvokerWrapper]   Keep redirected STDIN open: 'False'
[2025-04-08 17:16:50Z INFO ProcessInvokerWrapper]   High priority process: 'False'
[2025-04-08 17:16:50Z INFO ProcessInvokerWrapper] Process started with process id 16962, waiting for process exit.
[2025-04-08 17:16:50Z INFO ProcessInvokerWrapper] STDOUT/STDERR stream read finished.
[2025-04-08 17:16:50Z INFO ProcessInvokerWrapper] STDOUT/STDERR stream read finished.
[2025-04-08 17:16:50Z INFO ProcessInvokerWrapper] Finished process 16962 with exit code 0, and elapsed time 00:00:00.0148882.
[2025-04-08 17:16:50Z INFO Listener] Runner execution has finished with return code 0
