[2025-04-08 17:16:55Z INFO HostContext] No proxy settings were found based on environmental variables (http_proxy/https_proxy/HTTP_PROXY/HTTPS_PROXY)
[2025-04-08 17:16:55Z INFO HostContext] Well known directory 'Bin': '/home/ruiluntu/aesd-assignments/actions-runner/bin'
[2025-04-08 17:16:55Z INFO HostContext] Well known directory 'Root': '/home/ruiluntu/aesd-assignments/actions-runner'
[2025-04-08 17:16:55Z INFO HostContext] Well known config file 'Credentials': '/home/ruiluntu/aesd-assignments/actions-runner/.credentials'
[2025-04-08 17:16:55Z INFO HostContext] Well known directory 'Bin': '/home/ruiluntu/aesd-assignments/actions-runner/bin'
[2025-04-08 17:16:55Z INFO HostContext] Well known directory 'Root': '/home/ruiluntu/aesd-assignments/actions-runner'
[2025-04-08 17:16:55Z INFO HostContext] Well known config file 'Runner': '/home/ruiluntu/aesd-assignments/actions-runner/.runner'
[2025-04-08 17:16:55Z INFO Listener] Runner is built for Linux (X64) - linux-x64.
[2025-04-08 17:16:55Z INFO Listener] RuntimeInformation: Ubuntu 22.04.5 LTS.
[2025-04-08 17:16:55Z INFO Listener] Version: 2.323.0
[2025-04-08 17:16:55Z INFO Listener] Commit: d8b82f44a9ec0258904d5869ae683c31d5aac299
[2025-04-08 17:16:55Z INFO Listener] Culture: en-US
[2025-04-08 17:16:55Z INFO Listener] UI Culture: en-US
[2025-04-08 17:16:55Z INFO HostContext] Well known directory 'Bin': '/home/ruiluntu/aesd-assignments/actions-runner/bin'
[2025-04-08 17:16:55Z INFO HostContext] Well known directory 'Root': '/home/ruiluntu/aesd-assignments/actions-runner'
[2025-04-08 17:16:55Z INFO Listener] Validating directory permissions for: '/home/ruiluntu/aesd-assignments/actions-runner'
[2025-04-08 17:16:55Z INFO CommandLineParser] Parse
[2025-04-08 17:16:55Z INFO CommandLineParser] Parsing 1 args
[2025-04-08 17:16:55Z INFO CommandLineParser] parsing argument
[2025-04-08 17:16:55Z INFO CommandLineParser] HasArgs: False
[2025-04-08 17:16:55Z INFO CommandLineParser] Adding Command: run
[2025-04-08 17:16:55Z INFO Listener] Arguments parsed
[2025-04-08 17:16:55Z INFO Runner] ExecuteCommand
[2025-04-08 17:16:55Z INFO ConfigurationStore] currentAssemblyLocation: /home/ruiluntu/aesd-assignments/actions-runner/bin/Runner.Listener.dll
[2025-04-08 17:16:55Z INFO HostContext] Well known directory 'Bin': '/home/ruiluntu/aesd-assignments/actions-runner/bin'
[2025-04-08 17:16:55Z INFO ConfigurationStore] binPath: /home/ruiluntu/aesd-assignments/actions-runner/bin
[2025-04-08 17:16:55Z INFO HostContext] Well known directory 'Bin': '/home/ruiluntu/aesd-assignments/actions-runner/bin'
[2025-04-08 17:16:55Z INFO HostContext] Well known directory 'Root': '/home/ruiluntu/aesd-assignments/actions-runner'
[2025-04-08 17:16:55Z INFO ConfigurationStore] RootFolder: /home/ruiluntu/aesd-assignments/actions-runner
[2025-04-08 17:16:55Z INFO HostContext] Well known directory 'Bin': '/home/ruiluntu/aesd-assignments/actions-runner/bin'
[2025-04-08 17:16:55Z INFO HostContext] Well known directory 'Root': '/home/ruiluntu/aesd-assignments/actions-runner'
[2025-04-08 17:16:55Z INFO HostContext] Well known config file 'Runner': '/home/ruiluntu/aesd-assignments/actions-runner/.runner'
[2025-04-08 17:16:55Z INFO ConfigurationStore] ConfigFilePath: /home/ruiluntu/aesd-assignments/actions-runner/.runner
[2025-04-08 17:16:55Z INFO HostContext] Well known directory 'Bin': '/home/ruiluntu/aesd-assignments/actions-runner/bin'
[2025-04-08 17:16:55Z INFO HostContext] Well known directory 'Root': '/home/ruiluntu/aesd-assignments/actions-runner'
[2025-04-08 17:16:55Z INFO HostContext] Well known config file 'MigratedRunner': '/home/ruiluntu/aesd-assignments/actions-runner/.runner_migrated'
[2025-04-08 17:16:55Z INFO ConfigurationStore] MigratedConfigFilePath: /home/ruiluntu/aesd-assignments/actions-runner/.runner_migrated
[2025-04-08 17:16:55Z INFO HostContext] Well known directory 'Bin': '/home/ruiluntu/aesd-assignments/actions-runner/bin'
[2025-04-08 17:16:55Z INFO HostContext] Well known directory 'Root': '/home/ruiluntu/aesd-assignments/actions-runner'
[2025-04-08 17:16:55Z INFO HostContext] Well known config file 'Credentials': '/home/ruiluntu/aesd-assignments/actions-runner/.credentials'
[2025-04-08 17:16:55Z INFO ConfigurationStore] CredFilePath: /home/ruiluntu/aesd-assignments/actions-runner/.credentials
[2025-04-08 17:16:55Z INFO HostContext] Well known directory 'Bin': '/home/ruiluntu/aesd-assignments/actions-runner/bin'
[2025-04-08 17:16:55Z INFO HostContext] Well known directory 'Root': '/home/ruiluntu/aesd-assignments/actions-runner'
[2025-04-08 17:16:55Z INFO HostContext] Well known config file 'MigratedCredentials': '/home/ruiluntu/aesd-assignments/actions-runner/.credentials_migrated'
[2025-04-08 17:16:55Z INFO ConfigurationStore] MigratedCredFilePath: /home/ruiluntu/aesd-assignments/actions-runner/.credentials_migrated
[2025-04-08 17:16:55Z INFO HostContext] Well known directory 'Bin': '/home/ruiluntu/aesd-assignments/actions-runner/bin'
[2025-04-08 17:16:55Z INFO HostContext] Well known directory 'Root': '/home/ruiluntu/aesd-assignments/actions-runner'
[2025-04-08 17:16:55Z INFO HostContext] Well known config file 'Service': '/home/ruiluntu/aesd-assignments/actions-runner/.service'
[2025-04-08 17:16:55Z INFO ConfigurationStore] ServiceConfigFilePath: /home/ruiluntu/aesd-assignments/actions-runner/.service
[2025-04-08 17:16:55Z INFO CommandSettings] Flag 'help': 'False'
[2025-04-08 17:16:55Z INFO CommandSettings] Flag 'version': 'False'
[2025-04-08 17:16:55Z INFO CommandSettings] Flag 'commit': 'False'
[2025-04-08 17:16:55Z INFO CommandSettings] Flag 'check': 'False'
[2025-04-08 17:16:55Z INFO CommandSettings] Command 'configure': 'False'
[2025-04-08 17:16:55Z INFO CommandSettings] Command 'remove': 'False'
[2025-04-08 17:16:55Z INFO CommandSettings] Command 'warmup': 'False'
[2025-04-08 17:16:55Z INFO ConfigurationManager] LoadSettings
[2025-04-08 17:16:55Z INFO ConfigurationStore] IsConfigured()
[2025-04-08 17:16:55Z INFO ConfigurationStore] IsConfigured: True
[2025-04-08 17:16:55Z INFO ConfigurationManager] Is configured: True
[2025-04-08 17:16:55Z INFO ConfigurationStore] Read setting file: 316 chars
[2025-04-08 17:16:55Z INFO ConfigurationManager] Settings Loaded
[2025-04-08 17:16:55Z INFO ConfigurationStore] IsServiceConfigured()
[2025-04-08 17:16:55Z INFO ConfigurationStore] IsServiceConfigured: False
[2025-04-08 17:16:55Z INFO CommandSettings] Command 'run': 'True'
[2025-04-08 17:16:55Z INFO ConfigurationStore] IsConfigured()
[2025-04-08 17:16:55Z INFO ConfigurationStore] IsConfigured: True
[2025-04-08 17:16:55Z INFO ConfigurationManager] Is configured: True
[2025-04-08 17:16:55Z INFO Runner] Could not parse the argument value '' for StartupType. Defaulting to Manual
[2025-04-08 17:16:55Z INFO Runner] Set runner startup type - Manual
[2025-04-08 17:16:55Z INFO CommandSettings] Flag 'once': 'False'
[2025-04-08 17:16:55Z INFO CommandSettings] Flag 'once': 'False'
[2025-04-08 17:16:55Z INFO Runner] RunAsync
[2025-04-08 17:16:55Z INFO ConfigurationManager] LoadSettings
[2025-04-08 17:16:55Z INFO ConfigurationStore] IsConfigured()
[2025-04-08 17:16:55Z INFO ConfigurationStore] IsConfigured: True
[2025-04-08 17:16:55Z INFO ConfigurationManager] Is configured: True
[2025-04-08 17:16:55Z INFO ConfigurationManager] Settings Loaded
[2025-04-08 17:16:55Z INFO MessageListener] {
  "AgentId": 2,
  "AgentName": "coursera-linux",
  "PoolId": 1,
  "PoolName": "Default",
  "ServerUrl": "https://pipelinesghubeus7.actions.githubusercontent.com/daPNZhoDDXKdBrEL4K3otBrm2GgvCyAIBeKITHXFSRVqrFq4nY/",
  "GitHubUrl": "https://github.com/cu-ecen-aeld/assignment-1-RuQian5757",
  "WorkFolder": "_work"
}
[2025-04-08 17:16:55Z INFO MessageListener] Loading Credentials
[2025-04-08 17:16:55Z INFO ConfigurationStore] HasCredentials()
[2025-04-08 17:16:55Z INFO ConfigurationStore] stored True
[2025-04-08 17:16:55Z INFO CredentialManager] GetCredentialProvider
[2025-04-08 17:16:55Z INFO CredentialManager] Creating type OAuth
[2025-04-08 17:16:55Z INFO CredentialManager] Creating credential type: OAuth
[2025-04-08 17:16:55Z INFO HostContext] Well known directory 'Bin': '/home/ruiluntu/aesd-assignments/actions-runner/bin'
[2025-04-08 17:16:55Z INFO HostContext] Well known directory 'Root': '/home/ruiluntu/aesd-assignments/actions-runner'
[2025-04-08 17:16:55Z INFO HostContext] Well known config file 'RSACredentials': '/home/ruiluntu/aesd-assignments/actions-runner/.credentials_rsaparams'
[2025-04-08 17:16:55Z INFO RSAFileKeyManager] Loading RSA key parameters from file /home/ruiluntu/aesd-assignments/actions-runner/.credentials_rsaparams
[2025-04-08 17:16:55Z INFO MessageListener] Attempt to create session.
[2025-04-08 17:16:55Z INFO MessageListener] Connecting to the Runner Server...
[2025-04-08 17:16:55Z INFO RunnerServer] EstablishVssConnection
[2025-04-08 17:16:55Z INFO RunnerServer] Establish connection with 100 seconds timeout.
[2025-04-08 17:16:55Z INFO GitHubActionsService] Starting operation Location.GetConnectionData
[2025-04-08 17:16:55Z INFO RunnerServer] EstablishVssConnection
[2025-04-08 17:16:55Z INFO RunnerServer] Establish connection with 60 seconds timeout.
[2025-04-08 17:16:55Z INFO GitHubActionsService] Starting operation Location.GetConnectionData
[2025-04-08 17:16:55Z INFO RunnerServer] EstablishVssConnection
[2025-04-08 17:16:55Z INFO RunnerServer] Establish connection with 60 seconds timeout.
[2025-04-08 17:16:55Z INFO GitHubActionsService] Starting operation Location.GetConnectionData
[2025-04-08 17:16:57Z INFO GitHubActionsService] Finished operation Location.GetConnectionData
[2025-04-08 17:16:57Z INFO GitHubActionsService] Finished operation Location.GetConnectionData
[2025-04-08 17:16:57Z INFO GitHubActionsService] Finished operation Location.GetConnectionData
[2025-04-08 17:16:57Z INFO MessageListener] VssConnection created
[2025-04-08 17:16:57Z INFO Terminal] WRITE LINE: 
[2025-04-08 17:16:57Z INFO Terminal] WRITE LINE: 
[2025-04-08 17:16:58Z INFO RSAFileKeyManager] Loading RSA key parameters from file /home/ruiluntu/aesd-assignments/actions-runner/.credentials_rsaparams
[2025-04-08 17:16:58Z INFO RSAFileKeyManager] Loading RSA key parameters from file /home/ruiluntu/aesd-assignments/actions-runner/.credentials_rsaparams
[2025-04-08 17:17:02Z INFO GitHubActionsService] AAD Correlation ID for this token request: Unknown
[2025-04-08 17:17:02Z WARN GitHubActionsService] Retrieving an AAD auth token took a long time (3.7780752 seconds)
[2025-04-08 17:17:03Z INFO MessageListener] Session created.
[2025-04-08 17:17:03Z INFO Terminal] WRITE LINE: Current runner version: '2.323.0'
[2025-04-08 17:17:03Z INFO Terminal] WRITE LINE: 2025-04-08 17:17:03Z: Listening for Jobs
[2025-04-08 17:17:03Z INFO JobDispatcher] Set runner/worker IPC timeout to 30 seconds.
[2025-04-08 17:17:04Z INFO RSAFileKeyManager] Loading RSA key parameters from file /home/ruiluntu/aesd-assignments/actions-runner/.credentials_rsaparams
[2025-04-08 17:17:07Z INFO GitHubActionsService] AAD Correlation ID for this token request: Unknown
[2025-04-08 17:17:07Z WARN GitHubActionsService] Retrieving an AAD auth token took a long time (3.721182 seconds)
